2019-12-16 11:36:22 [scrapy.utils.log] INFO: Scrapy 1.8.0 started (bot: mySpider)
2019-12-16 11:36:22 [scrapy.utils.log] INFO: Versions: lxml 4.4.2.0, libxml2 2.9.5, cssselect 1.1.0, parsel 1.5.2, w3lib 1.21.0, Twisted 19.10.0, Python 3.7.4 (tags/v3.7.4:e09359112e, Jul  8 2019, 20:34:20) [MSC v.1916 64 bit (AMD64)], pyOpenSSL 19.1.0 (OpenSSL 1.1.1d  10 Sep 2019), cryptography 2.8, Platform Windows-10-10.0.18362-SP0
2019-12-16 11:36:22 [scrapy.crawler] INFO: Overridden settings: {'BOT_NAME': 'mySpider', 'COOKIES_DEBUG': True, 'LOG_FILE': 'log.log', 'NEWSPIDER_MODULE': 'mySpider.spiders', 'SPIDER_MODULES': ['mySpider.spiders'], 'USER_AGENT': 'Mozilla/5.0 (Windows NT 10.0; Win64; x64) AppleWebKit/537.36 (KHTML, like Gecko) Chrome/78.0.3904.108 Safari/537.36'}
2019-12-16 11:36:22 [scrapy.extensions.telnet] INFO: Telnet Password: dfed168313023045
2019-12-16 11:36:22 [scrapy.middleware] INFO: Enabled extensions:
['scrapy.extensions.corestats.CoreStats',
 'scrapy.extensions.telnet.TelnetConsole',
 'scrapy.extensions.logstats.LogStats']
2019-12-16 11:36:22 [scrapy.middleware] INFO: Enabled downloader middlewares:
['scrapy.downloadermiddlewares.httpauth.HttpAuthMiddleware',
 'scrapy.downloadermiddlewares.downloadtimeout.DownloadTimeoutMiddleware',
 'scrapy.downloadermiddlewares.defaultheaders.DefaultHeadersMiddleware',
 'scrapy.downloadermiddlewares.useragent.UserAgentMiddleware',
 'scrapy.downloadermiddlewares.retry.RetryMiddleware',
 'scrapy.downloadermiddlewares.redirect.MetaRefreshMiddleware',
 'scrapy.downloadermiddlewares.httpcompression.HttpCompressionMiddleware',
 'scrapy.downloadermiddlewares.redirect.RedirectMiddleware',
 'scrapy.downloadermiddlewares.cookies.CookiesMiddleware',
 'scrapy.downloadermiddlewares.httpproxy.HttpProxyMiddleware',
 'scrapy.downloadermiddlewares.stats.DownloaderStats']
2019-12-16 11:36:22 [scrapy.middleware] INFO: Enabled spider middlewares:
['scrapy.spidermiddlewares.httperror.HttpErrorMiddleware',
 'scrapy.spidermiddlewares.offsite.OffsiteMiddleware',
 'scrapy.spidermiddlewares.referer.RefererMiddleware',
 'scrapy.spidermiddlewares.urllength.UrlLengthMiddleware',
 'scrapy.spidermiddlewares.depth.DepthMiddleware']
2019-12-16 11:36:22 [scrapy.middleware] INFO: Enabled item pipelines:
['mySpider.pipelines.MyspiderPipeline']
2019-12-16 11:36:22 [scrapy.core.engine] INFO: Spider opened
2019-12-16 11:36:22 [scrapy.extensions.logstats] INFO: Crawled 0 pages (at 0 pages/min), scraped 0 items (at 0 items/min)
2019-12-16 11:36:22 [scrapy.extensions.telnet] INFO: Telnet console listening on 127.0.0.1:6023
2019-12-16 11:36:22 [scrapy.downloadermiddlewares.cookies] DEBUG: Sending cookies to: <GET http://www.renren.com/973016491/profile>
Cookie: anonymid=k3xtgnw7-hlci4r; _r01_=1; depovince=SD; jebecookies=6f39faea-f275-428b-b45a-32f7323d35c9|||||; JSESSIONID=abcaOEA36K6tJdTqlUm8w; ick_login=82db3417-60a8-4de5-8d80-70a8dead7162; _de=E0E61E21D5EC0F38439512C7FDDF72C8; p=0a6ee96a7321659509b4be74fd0e56541; first_login_flag=1; ln_uact=18669319099; ln_hurl=http://head.xiaonei.com/photos/0/0/men_main.gif; t=d5a65b29ed04326f7266c43a3d5a9c831; societyguester=d5a65b29ed04326f7266c43a3d5a9c831; id=973016491; xnsid=f34658ec; ver=7.0; loginfrom=null; jebe_key=d03a7801-f25b-4742-9803-015d8942fa08%7Cd602d7aea178b0018804f4f7bc8b6cb7%7C1576466494103%7C1%7C1576466501574; wp_fold=0

2019-12-16 11:36:22 [scrapy.core.engine] DEBUG: Crawled (200) <GET http://www.renren.com/973016491/profile> (referer: None)
2019-12-16 11:36:22 [scrapy.downloadermiddlewares.cookies] DEBUG: Sending cookies to: <GET http://www.renren.com/973016491/newsfeed/photo>
Cookie: anonymid=k3xtgnw7-hlci4r; _r01_=1; depovince=SD; jebecookies=6f39faea-f275-428b-b45a-32f7323d35c9|||||; JSESSIONID=abcaOEA36K6tJdTqlUm8w; ick_login=82db3417-60a8-4de5-8d80-70a8dead7162; _de=E0E61E21D5EC0F38439512C7FDDF72C8; p=0a6ee96a7321659509b4be74fd0e56541; first_login_flag=1; ln_uact=18669319099; ln_hurl=http://head.xiaonei.com/photos/0/0/men_main.gif; t=d5a65b29ed04326f7266c43a3d5a9c831; societyguester=d5a65b29ed04326f7266c43a3d5a9c831; id=973016491; xnsid=f34658ec; ver=7.0; loginfrom=null; jebe_key=d03a7801-f25b-4742-9803-015d8942fa08%7Cd602d7aea178b0018804f4f7bc8b6cb7%7C1576466494103%7C1%7C1576466501574; wp_fold=0

2019-12-16 11:36:22 [scrapy.downloadermiddlewares.cookies] DEBUG: Received cookies from: <200 http://www.renren.com/973016491/newsfeed/photo>
Set-Cookie: ver=7.0; domain=.renren.com; path=/

Set-Cookie: loginfrom=null; domain=.renren.com; path=/

2019-12-16 11:36:22 [scrapy.core.engine] DEBUG: Crawled (200) <GET http://www.renren.com/973016491/newsfeed/photo> (referer: http://www.renren.com/973016491/profile)
2019-12-16 11:36:22 [scrapy.core.engine] INFO: Closing spider (finished)
2019-12-16 11:36:22 [scrapy.statscollectors] INFO: Dumping Scrapy stats:
{'downloader/request_bytes': 1955,
 'downloader/request_count': 2,
 'downloader/request_method_count/GET': 2,
 'downloader/response_bytes': 22715,
 'downloader/response_count': 2,
 'downloader/response_status_count/200': 2,
 'elapsed_time_seconds': 0.42586,
 'finish_reason': 'finished',
 'finish_time': datetime.datetime(2019, 12, 16, 3, 36, 22, 727068),
 'log_count/DEBUG': 5,
 'log_count/INFO': 10,
 'request_depth_max': 1,
 'response_received_count': 2,
 'scheduler/dequeued': 2,
 'scheduler/dequeued/memory': 2,
 'scheduler/enqueued': 2,
 'scheduler/enqueued/memory': 2,
 'start_time': datetime.datetime(2019, 12, 16, 3, 36, 22, 301208)}
2019-12-16 11:36:22 [scrapy.core.engine] INFO: Spider closed (finished)
2019-12-16 11:42:16 [scrapy.utils.log] INFO: Scrapy 1.8.0 started (bot: mySpider)
2019-12-16 11:42:16 [scrapy.utils.log] INFO: Versions: lxml 4.4.2.0, libxml2 2.9.5, cssselect 1.1.0, parsel 1.5.2, w3lib 1.21.0, Twisted 19.10.0, Python 3.7.4 (tags/v3.7.4:e09359112e, Jul  8 2019, 20:34:20) [MSC v.1916 64 bit (AMD64)], pyOpenSSL 19.1.0 (OpenSSL 1.1.1d  10 Sep 2019), cryptography 2.8, Platform Windows-10-10.0.18362-SP0
2019-12-16 11:47:05 [scrapy.utils.log] INFO: Scrapy 1.8.0 started (bot: mySpider)
2019-12-16 11:47:05 [scrapy.utils.log] INFO: Versions: lxml 4.4.2.0, libxml2 2.9.5, cssselect 1.1.0, parsel 1.5.2, w3lib 1.21.0, Twisted 19.10.0, Python 3.7.4 (tags/v3.7.4:e09359112e, Jul  8 2019, 20:34:20) [MSC v.1916 64 bit (AMD64)], pyOpenSSL 19.1.0 (OpenSSL 1.1.1d  10 Sep 2019), cryptography 2.8, Platform Windows-10-10.0.18362-SP0
2019-12-16 11:47:05 [scrapy.crawler] INFO: Overridden settings: {'BOT_NAME': 'mySpider', 'COOKIES_DEBUG': True, 'LOG_FILE': 'log.log', 'NEWSPIDER_MODULE': 'mySpider.spiders', 'SPIDER_MODULES': ['mySpider.spiders'], 'USER_AGENT': 'Mozilla/5.0 (Windows NT 10.0; Win64; x64) AppleWebKit/537.36 (KHTML, like Gecko) Chrome/78.0.3904.108 Safari/537.36'}
2019-12-16 11:47:05 [scrapy.extensions.telnet] INFO: Telnet Password: 654b679f8075e479
2019-12-16 11:47:05 [scrapy.middleware] INFO: Enabled extensions:
['scrapy.extensions.corestats.CoreStats',
 'scrapy.extensions.telnet.TelnetConsole',
 'scrapy.extensions.logstats.LogStats']
2019-12-16 11:47:05 [scrapy.middleware] INFO: Enabled downloader middlewares:
['scrapy.downloadermiddlewares.httpauth.HttpAuthMiddleware',
 'scrapy.downloadermiddlewares.downloadtimeout.DownloadTimeoutMiddleware',
 'scrapy.downloadermiddlewares.defaultheaders.DefaultHeadersMiddleware',
 'scrapy.downloadermiddlewares.useragent.UserAgentMiddleware',
 'scrapy.downloadermiddlewares.retry.RetryMiddleware',
 'scrapy.downloadermiddlewares.redirect.MetaRefreshMiddleware',
 'scrapy.downloadermiddlewares.httpcompression.HttpCompressionMiddleware',
 'scrapy.downloadermiddlewares.redirect.RedirectMiddleware',
 'scrapy.downloadermiddlewares.cookies.CookiesMiddleware',
 'scrapy.downloadermiddlewares.httpproxy.HttpProxyMiddleware',
 'scrapy.downloadermiddlewares.stats.DownloaderStats']
2019-12-16 11:47:05 [scrapy.middleware] INFO: Enabled spider middlewares:
['scrapy.spidermiddlewares.httperror.HttpErrorMiddleware',
 'scrapy.spidermiddlewares.offsite.OffsiteMiddleware',
 'scrapy.spidermiddlewares.referer.RefererMiddleware',
 'scrapy.spidermiddlewares.urllength.UrlLengthMiddleware',
 'scrapy.spidermiddlewares.depth.DepthMiddleware']
2019-12-16 11:47:05 [scrapy.middleware] INFO: Enabled item pipelines:
['mySpider.pipelines.MyspiderPipeline']
2019-12-16 11:47:05 [scrapy.core.engine] INFO: Spider opened
2019-12-16 11:47:05 [scrapy.extensions.logstats] INFO: Crawled 0 pages (at 0 pages/min), scraped 0 items (at 0 items/min)
2019-12-16 11:47:05 [scrapy.extensions.telnet] INFO: Telnet console listening on 127.0.0.1:6023
2019-12-16 11:47:05 [scrapy.downloadermiddlewares.cookies] DEBUG: Received cookies from: <200 http://www.renren.com/SysHome.do>
Set-Cookie: anonymid=k47wcs475m19vg; domain=.renren.com; path=/; expires=Sat, 14-Dec-2024 03:46:58 GMT

Set-Cookie: depovince=SD; domain=.renren.com; path=/; expires=Thu, 19-Dec-2019 03:46:58 GMT

Set-Cookie: jebecookies=9707d202-1ba7-4350-9524-075937f834f6|||||; domain=.renren.com; path=/

Set-Cookie: _r01_=1; domain=.renren.com; path=/; expires=Thu, 10-Dec-2020 03:46:58 GMT

Set-Cookie: JSESSIONID=abc2qNytYU7p09Zup0m8w; path=/

2019-12-16 11:47:05 [scrapy.core.engine] DEBUG: Crawled (200) <GET http://www.renren.com/SysHome.do> (referer: None)
2019-12-16 11:47:06 [scrapy.downloadermiddlewares.cookies] DEBUG: Sending cookies to: <POST http://www.renren.com/PLogin.do>
Cookie: JSESSIONID=abc2qNytYU7p09Zup0m8w; anonymid=k47wcs475m19vg; depovince=SD; jebecookies=9707d202-1ba7-4350-9524-075937f834f6|||||; _r01_=1

2019-12-16 11:47:06 [scrapy.downloadermiddlewares.cookies] DEBUG: Received cookies from: <302 http://www.renren.com/PLogin.do>
Set-Cookie: _de=E0E61E21D5EC0F38439512C7FDDF72C8; domain=.renren.com; path=/; expires=Thu, 10-Dec-2020 03:46:58 GMT

Set-Cookie: p=f40d3d639db139a049e32c0442be96d41; domain=renren.com; path=/

Set-Cookie: first_login_flag=1; domain=renren.com; path=/

Set-Cookie: ln_uact=18669319099; domain=renren.com; path=/; expires=Wed, 15-Jan-2020 03:46:58 GMT

Set-Cookie: ln_hurl=http://head.xiaonei.com/photos/0/0/men_main.gif; domain=renren.com; path=/; expires=Wed, 15-Jan-2020 03:46:58 GMT

Set-Cookie: t=b2fe692960f4b2ff4216e29fdaec3dd91; domain=.renren.com; path=/

Set-Cookie: t=80fe6b57b01d6a7f38339de63a554591; domain=renren.com; path=/xtalk/

Set-Cookie: societyguester=b2fe692960f4b2ff4216e29fdaec3dd91; domain=.renren.com; path=/

Set-Cookie: id=973016491; domain=.renren.com; path=/

Set-Cookie: xnsid=f32f09ef; domain=.renren.com; path=/

Set-Cookie: loginfrom=syshome; domain=.renren.com; path=/

2019-12-16 11:47:06 [scrapy.downloadermiddlewares.redirect] DEBUG: Redirecting (302) to <GET http://www.renren.com/Home.do> from <POST http://www.renren.com/PLogin.do>
2019-12-16 11:47:06 [scrapy.downloadermiddlewares.cookies] DEBUG: Sending cookies to: <GET http://www.renren.com/Home.do>
Cookie: JSESSIONID=abc2qNytYU7p09Zup0m8w; anonymid=k47wcs475m19vg; depovince=SD; jebecookies=9707d202-1ba7-4350-9524-075937f834f6|||||; _r01_=1; _de=E0E61E21D5EC0F38439512C7FDDF72C8; p=f40d3d639db139a049e32c0442be96d41; first_login_flag=1; ln_uact=18669319099; ln_hurl=http://head.xiaonei.com/photos/0/0/men_main.gif; t=b2fe692960f4b2ff4216e29fdaec3dd91; societyguester=b2fe692960f4b2ff4216e29fdaec3dd91; id=973016491; xnsid=f32f09ef; loginfrom=syshome

2019-12-16 11:47:06 [scrapy.downloadermiddlewares.redirect] DEBUG: Redirecting (302) to <GET http://www.renren.com/973016491> from <GET http://www.renren.com/Home.do>
2019-12-16 11:47:06 [scrapy.downloadermiddlewares.cookies] DEBUG: Sending cookies to: <GET http://www.renren.com/973016491>
Cookie: JSESSIONID=abc2qNytYU7p09Zup0m8w; anonymid=k47wcs475m19vg; depovince=SD; jebecookies=9707d202-1ba7-4350-9524-075937f834f6|||||; _r01_=1; _de=E0E61E21D5EC0F38439512C7FDDF72C8; p=f40d3d639db139a049e32c0442be96d41; first_login_flag=1; ln_uact=18669319099; ln_hurl=http://head.xiaonei.com/photos/0/0/men_main.gif; t=b2fe692960f4b2ff4216e29fdaec3dd91; societyguester=b2fe692960f4b2ff4216e29fdaec3dd91; id=973016491; xnsid=f32f09ef; loginfrom=syshome

2019-12-16 11:47:06 [scrapy.downloadermiddlewares.cookies] DEBUG: Received cookies from: <200 http://www.renren.com/973016491>
Set-Cookie: ver=7.0; domain=.renren.com; path=/

Set-Cookie: loginfrom=null; domain=.renren.com; path=/

2019-12-16 11:47:06 [scrapy.core.engine] DEBUG: Crawled (200) <GET http://www.renren.com/973016491> (referer: http://www.renren.com/SysHome.do)
2019-12-16 11:47:06 [scrapy.core.engine] INFO: Closing spider (finished)
2019-12-16 11:47:06 [scrapy.statscollectors] INFO: Dumping Scrapy stats:
{'downloader/request_bytes': 2482,
 'downloader/request_count': 4,
 'downloader/request_method_count/GET': 3,
 'downloader/request_method_count/POST': 1,
 'downloader/response_bytes': 21418,
 'downloader/response_count': 4,
 'downloader/response_status_count/200': 2,
 'downloader/response_status_count/302': 2,
 'elapsed_time_seconds': 0.541552,
 'finish_reason': 'finished',
 'finish_time': datetime.datetime(2019, 12, 16, 3, 47, 6, 421897),
 'log_count/DEBUG': 10,
 'log_count/INFO': 10,
 'request_depth_max': 1,
 'response_received_count': 2,
 'scheduler/dequeued': 4,
 'scheduler/dequeued/memory': 4,
 'scheduler/enqueued': 4,
 'scheduler/enqueued/memory': 4,
 'start_time': datetime.datetime(2019, 12, 16, 3, 47, 5, 880345)}
2019-12-16 11:47:06 [scrapy.core.engine] INFO: Spider closed (finished)
2019-12-16 11:48:26 [scrapy.utils.log] INFO: Scrapy 1.8.0 started (bot: mySpider)
2019-12-16 11:48:26 [scrapy.utils.log] INFO: Versions: lxml 4.4.2.0, libxml2 2.9.5, cssselect 1.1.0, parsel 1.5.2, w3lib 1.21.0, Twisted 19.10.0, Python 3.7.4 (tags/v3.7.4:e09359112e, Jul  8 2019, 20:34:20) [MSC v.1916 64 bit (AMD64)], pyOpenSSL 19.1.0 (OpenSSL 1.1.1d  10 Sep 2019), cryptography 2.8, Platform Windows-10-10.0.18362-SP0
2019-12-16 11:50:19 [scrapy.utils.log] INFO: Scrapy 1.8.0 started (bot: mySpider)
2019-12-16 11:50:19 [scrapy.utils.log] INFO: Versions: lxml 4.4.2.0, libxml2 2.9.5, cssselect 1.1.0, parsel 1.5.2, w3lib 1.21.0, Twisted 19.10.0, Python 3.7.4 (tags/v3.7.4:e09359112e, Jul  8 2019, 20:34:20) [MSC v.1916 64 bit (AMD64)], pyOpenSSL 19.1.0 (OpenSSL 1.1.1d  10 Sep 2019), cryptography 2.8, Platform Windows-10-10.0.18362-SP0
2019-12-16 11:50:33 [scrapy.utils.log] INFO: Scrapy 1.8.0 started (bot: mySpider)
2019-12-16 11:50:33 [scrapy.utils.log] INFO: Versions: lxml 4.4.2.0, libxml2 2.9.5, cssselect 1.1.0, parsel 1.5.2, w3lib 1.21.0, Twisted 19.10.0, Python 3.7.4 (tags/v3.7.4:e09359112e, Jul  8 2019, 20:34:20) [MSC v.1916 64 bit (AMD64)], pyOpenSSL 19.1.0 (OpenSSL 1.1.1d  10 Sep 2019), cryptography 2.8, Platform Windows-10-10.0.18362-SP0
2019-12-16 11:50:33 [scrapy.crawler] INFO: Overridden settings: {'BOT_NAME': 'mySpider', 'COOKIES_DEBUG': True, 'LOG_FILE': 'log.log', 'NEWSPIDER_MODULE': 'mySpider.spiders', 'SPIDER_MODULES': ['mySpider.spiders'], 'USER_AGENT': 'Mozilla/5.0 (Windows NT 10.0; Win64; x64) AppleWebKit/537.36 (KHTML, like Gecko) Chrome/78.0.3904.108 Safari/537.36'}
2019-12-16 11:50:33 [scrapy.extensions.telnet] INFO: Telnet Password: 7aac4b009a3ac771
2019-12-16 11:50:34 [scrapy.middleware] INFO: Enabled extensions:
['scrapy.extensions.corestats.CoreStats',
 'scrapy.extensions.telnet.TelnetConsole',
 'scrapy.extensions.logstats.LogStats']
2019-12-16 11:50:34 [scrapy.middleware] INFO: Enabled downloader middlewares:
['scrapy.downloadermiddlewares.httpauth.HttpAuthMiddleware',
 'scrapy.downloadermiddlewares.downloadtimeout.DownloadTimeoutMiddleware',
 'scrapy.downloadermiddlewares.defaultheaders.DefaultHeadersMiddleware',
 'scrapy.downloadermiddlewares.useragent.UserAgentMiddleware',
 'scrapy.downloadermiddlewares.retry.RetryMiddleware',
 'scrapy.downloadermiddlewares.redirect.MetaRefreshMiddleware',
 'scrapy.downloadermiddlewares.httpcompression.HttpCompressionMiddleware',
 'scrapy.downloadermiddlewares.redirect.RedirectMiddleware',
 'scrapy.downloadermiddlewares.cookies.CookiesMiddleware',
 'scrapy.downloadermiddlewares.httpproxy.HttpProxyMiddleware',
 'scrapy.downloadermiddlewares.stats.DownloaderStats']
2019-12-16 11:50:34 [scrapy.middleware] INFO: Enabled spider middlewares:
['scrapy.spidermiddlewares.httperror.HttpErrorMiddleware',
 'scrapy.spidermiddlewares.offsite.OffsiteMiddleware',
 'scrapy.spidermiddlewares.referer.RefererMiddleware',
 'scrapy.spidermiddlewares.urllength.UrlLengthMiddleware',
 'scrapy.spidermiddlewares.depth.DepthMiddleware']
2019-12-16 11:50:34 [scrapy.middleware] INFO: Enabled item pipelines:
['mySpider.pipelines.MyspiderPipeline']
2019-12-16 11:50:34 [scrapy.core.engine] INFO: Spider opened
2019-12-16 11:50:34 [scrapy.extensions.logstats] INFO: Crawled 0 pages (at 0 pages/min), scraped 0 items (at 0 items/min)
2019-12-16 11:50:34 [scrapy.extensions.telnet] INFO: Telnet console listening on 127.0.0.1:6023
2019-12-16 11:50:35 [scrapy.downloadermiddlewares.cookies] DEBUG: Received cookies from: <200 http://www.renren.com/SysHome.do>
Set-Cookie: anonymid=k47wh9jvepm5we; domain=.renren.com; path=/; expires=Sat, 14-Dec-2024 03:50:27 GMT

Set-Cookie: depovince=SD; domain=.renren.com; path=/; expires=Thu, 19-Dec-2019 03:50:27 GMT

Set-Cookie: jebecookies=db8c9dc8-5b27-4277-bce6-984756397241|||||; domain=.renren.com; path=/

Set-Cookie: _r01_=1; domain=.renren.com; path=/; expires=Thu, 10-Dec-2020 03:50:27 GMT

Set-Cookie: JSESSIONID=abc0G_Qlr5NhGefAc1m8w; path=/

2019-12-16 11:50:35 [scrapy.core.engine] DEBUG: Crawled (200) <GET http://www.renren.com/SysHome.do> (referer: None)
2019-12-16 11:50:35 [scrapy.downloadermiddlewares.cookies] DEBUG: Sending cookies to: <POST http://www.renren.com/PLogin.do>
Cookie: JSESSIONID=abc0G_Qlr5NhGefAc1m8w; anonymid=k47wh9jvepm5we; depovince=SD; jebecookies=db8c9dc8-5b27-4277-bce6-984756397241|||||; _r01_=1

2019-12-16 11:50:35 [scrapy.downloadermiddlewares.cookies] DEBUG: Received cookies from: <302 http://www.renren.com/PLogin.do>
Set-Cookie: _de=E0E61E21D5EC0F38439512C7FDDF72C8; domain=.renren.com; path=/; expires=Thu, 10-Dec-2020 03:50:27 GMT

Set-Cookie: p=f40d3d639db139a049e32c0442be96d41; domain=renren.com; path=/

Set-Cookie: first_login_flag=1; domain=renren.com; path=/

Set-Cookie: ln_uact=18669319099; domain=renren.com; path=/; expires=Wed, 15-Jan-2020 03:50:27 GMT

Set-Cookie: ln_hurl=http://head.xiaonei.com/photos/0/0/men_main.gif; domain=renren.com; path=/; expires=Wed, 15-Jan-2020 03:50:27 GMT

Set-Cookie: t=b2fe692960f4b2ff4216e29fdaec3dd91; domain=.renren.com; path=/

Set-Cookie: t=80fe6b57b01d6a7f38339de63a554591; domain=renren.com; path=/xtalk/

Set-Cookie: societyguester=b2fe692960f4b2ff4216e29fdaec3dd91; domain=.renren.com; path=/

Set-Cookie: id=973016491; domain=.renren.com; path=/

Set-Cookie: xnsid=f32bd8a5; domain=.renren.com; path=/

Set-Cookie: loginfrom=syshome; domain=.renren.com; path=/

2019-12-16 11:50:35 [scrapy.downloadermiddlewares.redirect] DEBUG: Redirecting (302) to <GET http://www.renren.com/home> from <POST http://www.renren.com/PLogin.do>
2019-12-16 11:50:35 [scrapy.downloadermiddlewares.cookies] DEBUG: Sending cookies to: <GET http://www.renren.com/home>
Cookie: JSESSIONID=abc0G_Qlr5NhGefAc1m8w; anonymid=k47wh9jvepm5we; depovince=SD; jebecookies=db8c9dc8-5b27-4277-bce6-984756397241|||||; _r01_=1; _de=E0E61E21D5EC0F38439512C7FDDF72C8; p=f40d3d639db139a049e32c0442be96d41; first_login_flag=1; ln_uact=18669319099; ln_hurl=http://head.xiaonei.com/photos/0/0/men_main.gif; t=b2fe692960f4b2ff4216e29fdaec3dd91; societyguester=b2fe692960f4b2ff4216e29fdaec3dd91; id=973016491; xnsid=f32bd8a5; loginfrom=syshome

2019-12-16 11:50:35 [scrapy.downloadermiddlewares.redirect] DEBUG: Redirecting (302) to <GET http://www.renren.com/973016491> from <GET http://www.renren.com/home>
2019-12-16 11:50:35 [scrapy.downloadermiddlewares.cookies] DEBUG: Sending cookies to: <GET http://www.renren.com/973016491>
Cookie: JSESSIONID=abc0G_Qlr5NhGefAc1m8w; anonymid=k47wh9jvepm5we; depovince=SD; jebecookies=db8c9dc8-5b27-4277-bce6-984756397241|||||; _r01_=1; _de=E0E61E21D5EC0F38439512C7FDDF72C8; p=f40d3d639db139a049e32c0442be96d41; first_login_flag=1; ln_uact=18669319099; ln_hurl=http://head.xiaonei.com/photos/0/0/men_main.gif; t=b2fe692960f4b2ff4216e29fdaec3dd91; societyguester=b2fe692960f4b2ff4216e29fdaec3dd91; id=973016491; xnsid=f32bd8a5; loginfrom=syshome

2019-12-16 11:50:35 [scrapy.downloadermiddlewares.cookies] DEBUG: Received cookies from: <200 http://www.renren.com/973016491>
Set-Cookie: ver=7.0; domain=.renren.com; path=/

Set-Cookie: loginfrom=null; domain=.renren.com; path=/

2019-12-16 11:50:35 [scrapy.core.engine] DEBUG: Crawled (200) <GET http://www.renren.com/973016491> (referer: http://www.renren.com/SysHome.do)
2019-12-16 11:50:35 [scrapy.core.engine] INFO: Closing spider (finished)
2019-12-16 11:50:35 [scrapy.statscollectors] INFO: Dumping Scrapy stats:
{'downloader/request_bytes': 2579,
 'downloader/request_count': 4,
 'downloader/request_method_count/GET': 3,
 'downloader/request_method_count/POST': 1,
 'downloader/response_bytes': 21411,
 'downloader/response_count': 4,
 'downloader/response_status_count/200': 2,
 'downloader/response_status_count/302': 2,
 'elapsed_time_seconds': 1.379309,
 'finish_reason': 'finished',
 'finish_time': datetime.datetime(2019, 12, 16, 3, 50, 35, 620534),
 'log_count/DEBUG': 10,
 'log_count/INFO': 10,
 'request_depth_max': 1,
 'response_received_count': 2,
 'scheduler/dequeued': 4,
 'scheduler/dequeued/memory': 4,
 'scheduler/enqueued': 4,
 'scheduler/enqueued/memory': 4,
 'start_time': datetime.datetime(2019, 12, 16, 3, 50, 34, 241225)}
2019-12-16 11:50:35 [scrapy.core.engine] INFO: Spider closed (finished)
2019-12-16 19:07:55 [scrapy.utils.log] INFO: Scrapy 1.8.0 started (bot: mySpider)
2019-12-16 19:07:55 [scrapy.utils.log] INFO: Versions: lxml 4.4.2.0, libxml2 2.9.5, cssselect 1.1.0, parsel 1.5.2, w3lib 1.21.0, Twisted 19.10.0, Python 3.7.4 (tags/v3.7.4:e09359112e, Jul  8 2019, 20:34:20) [MSC v.1916 64 bit (AMD64)], pyOpenSSL 19.1.0 (OpenSSL 1.1.1d  10 Sep 2019), cryptography 2.8, Platform Windows-10-10.0.18362-SP0
2019-12-16 19:07:55 [scrapy.crawler] INFO: Overridden settings: {'BOT_NAME': 'mySpider', 'COOKIES_DEBUG': True, 'LOG_FILE': 'log.log', 'NEWSPIDER_MODULE': 'mySpider.spiders', 'SPIDER_MODULES': ['mySpider.spiders'], 'USER_AGENT': 'Mozilla/5.0 (Windows NT 10.0; Win64; x64) AppleWebKit/537.36 (KHTML, like Gecko) Chrome/78.0.3904.108 Safari/537.36'}
2019-12-16 19:07:55 [scrapy.extensions.telnet] INFO: Telnet Password: d026f280fd8e65d7
2019-12-16 19:07:55 [scrapy.middleware] INFO: Enabled extensions:
['scrapy.extensions.corestats.CoreStats',
 'scrapy.extensions.telnet.TelnetConsole',
 'scrapy.extensions.logstats.LogStats']
2019-12-16 19:07:55 [scrapy.middleware] INFO: Enabled downloader middlewares:
['scrapy.downloadermiddlewares.httpauth.HttpAuthMiddleware',
 'scrapy.downloadermiddlewares.downloadtimeout.DownloadTimeoutMiddleware',
 'scrapy.downloadermiddlewares.defaultheaders.DefaultHeadersMiddleware',
 'scrapy.downloadermiddlewares.useragent.UserAgentMiddleware',
 'mySpider.middlewares.MyDownloaderMiddleware',
 'scrapy.downloadermiddlewares.retry.RetryMiddleware',
 'scrapy.downloadermiddlewares.redirect.MetaRefreshMiddleware',
 'scrapy.downloadermiddlewares.httpcompression.HttpCompressionMiddleware',
 'scrapy.downloadermiddlewares.redirect.RedirectMiddleware',
 'scrapy.downloadermiddlewares.cookies.CookiesMiddleware',
 'scrapy.downloadermiddlewares.httpproxy.HttpProxyMiddleware',
 'scrapy.downloadermiddlewares.stats.DownloaderStats']
2019-12-16 19:07:55 [scrapy.middleware] INFO: Enabled spider middlewares:
['scrapy.spidermiddlewares.httperror.HttpErrorMiddleware',
 'scrapy.spidermiddlewares.offsite.OffsiteMiddleware',
 'scrapy.spidermiddlewares.referer.RefererMiddleware',
 'scrapy.spidermiddlewares.urllength.UrlLengthMiddleware',
 'scrapy.spidermiddlewares.depth.DepthMiddleware']
2019-12-16 19:07:55 [scrapy.middleware] INFO: Enabled item pipelines:
['mySpider.pipelines.MyspiderPipeline']
2019-12-16 19:07:55 [scrapy.core.engine] INFO: Spider opened
2019-12-16 19:07:55 [scrapy.extensions.logstats] INFO: Crawled 0 pages (at 0 pages/min), scraped 0 items (at 0 items/min)
2019-12-16 19:07:55 [scrapy.extensions.telnet] INFO: Telnet console listening on 127.0.0.1:6023
2019-12-16 19:07:55 [scrapy.downloadermiddlewares.cookies] DEBUG: Received cookies from: <302 http://www.baidu.com/>
Set-Cookie: BAIDUID=DC51841BEB9A22E43B0409F3D10B4EDF:FG=1; expires=Thu, 31-Dec-37 23:55:55 GMT; max-age=2147483647; path=/; domain=.baidu.com

Set-Cookie: BIDUPSID=DC51841BEB9A22E43B0409F3D10B4EDF; expires=Thu, 31-Dec-37 23:55:55 GMT; max-age=2147483647; path=/; domain=.baidu.com

Set-Cookie: PSTM=1576494468; expires=Thu, 31-Dec-37 23:55:55 GMT; max-age=2147483647; path=/; domain=.baidu.com

Set-Cookie: BAIDUID=DC51841BEB9A22E44037E36FE8CD55A5:FG=1; max-age=31536000; expires=Tue, 15-Dec-20 11:07:48 GMT; domain=.baidu.com; path=/; version=1; comment=bd

Set-Cookie: BD_LAST_QID=16149597638832104944; path=/; Max-Age=1

2019-12-16 19:07:55 [scrapy.downloadermiddlewares.redirect] DEBUG: Redirecting (302) to <GET https://www.baidu.com/> from <GET http://www.baidu.com/>
2019-12-16 19:07:55 [scrapy.downloadermiddlewares.cookies] DEBUG: Sending cookies to: <GET https://www.baidu.com/>
Cookie: BD_LAST_QID=16149597638832104944; BAIDUID=DC51841BEB9A22E44037E36FE8CD55A5:FG=1; BIDUPSID=DC51841BEB9A22E43B0409F3D10B4EDF; PSTM=1576494468

2019-12-16 19:07:55 [scrapy.downloadermiddlewares.cookies] DEBUG: Received cookies from: <200 https://www.baidu.com/>
Set-Cookie: delPer=0; path=/; domain=.baidu.com

Set-Cookie: BDSVRTM=12; path=/

Set-Cookie: BD_HOME=0; path=/

Set-Cookie: H_PS_PSSID=1468_21126_30211_26350_28704; path=/; domain=.baidu.com

2019-12-16 19:07:55 [scrapy.core.engine] DEBUG: Crawled (200) <GET https://www.baidu.com/> (referer: None)
2019-12-16 19:07:55 [scrapy.core.scraper] DEBUG: Scraped from <200 https://www.baidu.com/>
None
2019-12-16 19:07:55 [scrapy.core.engine] INFO: Closing spider (finished)
2019-12-16 19:07:55 [scrapy.statscollectors] INFO: Dumping Scrapy stats:
{'downloader/request_bytes': 769,
 'downloader/request_count': 2,
 'downloader/request_method_count/GET': 2,
 'downloader/response_bytes': 43114,
 'downloader/response_count': 2,
 'downloader/response_status_count/200': 1,
 'downloader/response_status_count/302': 1,
 'elapsed_time_seconds': 0.371008,
 'finish_reason': 'finished',
 'finish_time': datetime.datetime(2019, 12, 16, 11, 7, 55, 898849),
 'item_scraped_count': 1,
 'log_count/DEBUG': 6,
 'log_count/INFO': 10,
 'response_received_count': 1,
 'scheduler/dequeued': 2,
 'scheduler/dequeued/memory': 2,
 'scheduler/enqueued': 2,
 'scheduler/enqueued/memory': 2,
 'start_time': datetime.datetime(2019, 12, 16, 11, 7, 55, 527841)}
2019-12-16 19:07:55 [scrapy.core.engine] INFO: Spider closed (finished)
2019-12-16 19:08:58 [scrapy.utils.log] INFO: Scrapy 1.8.0 started (bot: mySpider)
2019-12-16 19:08:58 [scrapy.utils.log] INFO: Versions: lxml 4.4.2.0, libxml2 2.9.5, cssselect 1.1.0, parsel 1.5.2, w3lib 1.21.0, Twisted 19.10.0, Python 3.7.4 (tags/v3.7.4:e09359112e, Jul  8 2019, 20:34:20) [MSC v.1916 64 bit (AMD64)], pyOpenSSL 19.1.0 (OpenSSL 1.1.1d  10 Sep 2019), cryptography 2.8, Platform Windows-10-10.0.18362-SP0
2019-12-16 19:08:58 [scrapy.crawler] INFO: Overridden settings: {'BOT_NAME': 'mySpider', 'COOKIES_DEBUG': True, 'LOG_FILE': 'log.log', 'NEWSPIDER_MODULE': 'mySpider.spiders', 'SPIDER_MODULES': ['mySpider.spiders'], 'USER_AGENT': 'Mozilla/5.0 (Windows NT 10.0; Win64; x64) AppleWebKit/537.36 (KHTML, like Gecko) Chrome/78.0.3904.108 Safari/537.36'}
2019-12-16 19:08:58 [scrapy.extensions.telnet] INFO: Telnet Password: dca5fb6dbe455852
2019-12-16 19:08:58 [scrapy.middleware] INFO: Enabled extensions:
['scrapy.extensions.corestats.CoreStats',
 'scrapy.extensions.telnet.TelnetConsole',
 'scrapy.extensions.logstats.LogStats']
2019-12-16 19:08:58 [scrapy.middleware] INFO: Enabled downloader middlewares:
['scrapy.downloadermiddlewares.httpauth.HttpAuthMiddleware',
 'scrapy.downloadermiddlewares.downloadtimeout.DownloadTimeoutMiddleware',
 'scrapy.downloadermiddlewares.defaultheaders.DefaultHeadersMiddleware',
 'scrapy.downloadermiddlewares.useragent.UserAgentMiddleware',
 'mySpider.middlewares.MyDownloaderMiddleware',
 'scrapy.downloadermiddlewares.retry.RetryMiddleware',
 'scrapy.downloadermiddlewares.redirect.MetaRefreshMiddleware',
 'scrapy.downloadermiddlewares.httpcompression.HttpCompressionMiddleware',
 'scrapy.downloadermiddlewares.redirect.RedirectMiddleware',
 'scrapy.downloadermiddlewares.cookies.CookiesMiddleware',
 'scrapy.downloadermiddlewares.httpproxy.HttpProxyMiddleware',
 'scrapy.downloadermiddlewares.stats.DownloaderStats']
2019-12-16 19:08:58 [scrapy.middleware] INFO: Enabled spider middlewares:
['scrapy.spidermiddlewares.httperror.HttpErrorMiddleware',
 'scrapy.spidermiddlewares.offsite.OffsiteMiddleware',
 'scrapy.spidermiddlewares.referer.RefererMiddleware',
 'scrapy.spidermiddlewares.urllength.UrlLengthMiddleware',
 'scrapy.spidermiddlewares.depth.DepthMiddleware']
2019-12-16 19:08:58 [scrapy.middleware] INFO: Enabled item pipelines:
['mySpider.pipelines.MyspiderPipeline']
2019-12-16 19:08:58 [scrapy.core.engine] INFO: Spider opened
2019-12-16 19:08:58 [scrapy.extensions.logstats] INFO: Crawled 0 pages (at 0 pages/min), scraped 0 items (at 0 items/min)
2019-12-16 19:08:58 [scrapy.extensions.telnet] INFO: Telnet console listening on 127.0.0.1:6023
2019-12-16 19:08:59 [scrapy.downloadermiddlewares.cookies] DEBUG: Received cookies from: <302 http://www.baidu.com/>
Set-Cookie: BAIDUID=C35A34BA43EF6194285BFB8197F64F91:FG=1; expires=Thu, 31-Dec-37 23:55:55 GMT; max-age=2147483647; path=/; domain=.baidu.com

Set-Cookie: BIDUPSID=C35A34BA43EF6194285BFB8197F64F91; expires=Thu, 31-Dec-37 23:55:55 GMT; max-age=2147483647; path=/; domain=.baidu.com

Set-Cookie: PSTM=1576494531; expires=Thu, 31-Dec-37 23:55:55 GMT; max-age=2147483647; path=/; domain=.baidu.com

Set-Cookie: BAIDUID=C35A34BA43EF6194D6C0233373977874:FG=1; max-age=31536000; expires=Tue, 15-Dec-20 11:08:51 GMT; domain=.baidu.com; path=/; version=1; comment=bd

Set-Cookie: BD_LAST_QID=13426761035149380912; path=/; Max-Age=1

2019-12-16 19:08:59 [scrapy.downloadermiddlewares.redirect] DEBUG: Redirecting (302) to <GET https://www.baidu.com/> from <GET http://www.baidu.com/>
2019-12-16 19:08:59 [scrapy.downloadermiddlewares.cookies] DEBUG: Sending cookies to: <GET https://www.baidu.com/>
Cookie: BD_LAST_QID=13426761035149380912; BAIDUID=C35A34BA43EF6194D6C0233373977874:FG=1; BIDUPSID=C35A34BA43EF6194285BFB8197F64F91; PSTM=1576494531

2019-12-16 19:08:59 [scrapy.downloadermiddlewares.cookies] DEBUG: Received cookies from: <200 https://www.baidu.com/>
Set-Cookie: delPer=0; path=/; domain=.baidu.com

Set-Cookie: BDSVRTM=13; path=/

Set-Cookie: BD_HOME=0; path=/

Set-Cookie: H_PS_PSSID=1440_21104_30210; path=/; domain=.baidu.com

2019-12-16 19:08:59 [scrapy.core.engine] DEBUG: Crawled (200) <GET https://www.baidu.com/> (referer: None)
2019-12-16 19:08:59 [scrapy.core.scraper] DEBUG: Scraped from <200 https://www.baidu.com/>
None
2019-12-16 19:08:59 [scrapy.core.engine] INFO: Closing spider (finished)
2019-12-16 19:08:59 [scrapy.statscollectors] INFO: Dumping Scrapy stats:
{'downloader/request_bytes': 769,
 'downloader/request_count': 2,
 'downloader/request_method_count/GET': 2,
 'downloader/response_bytes': 43080,
 'downloader/response_count': 2,
 'downloader/response_status_count/200': 1,
 'downloader/response_status_count/302': 1,
 'elapsed_time_seconds': 0.329119,
 'finish_reason': 'finished',
 'finish_time': datetime.datetime(2019, 12, 16, 11, 8, 59, 260332),
 'item_scraped_count': 1,
 'log_count/DEBUG': 6,
 'log_count/INFO': 10,
 'response_received_count': 1,
 'scheduler/dequeued': 2,
 'scheduler/dequeued/memory': 2,
 'scheduler/enqueued': 2,
 'scheduler/enqueued/memory': 2,
 'start_time': datetime.datetime(2019, 12, 16, 11, 8, 58, 931213)}
2019-12-16 19:08:59 [scrapy.core.engine] INFO: Spider closed (finished)
2019-12-16 19:10:08 [scrapy.utils.log] INFO: Scrapy 1.8.0 started (bot: mySpider)
2019-12-16 19:10:08 [scrapy.utils.log] INFO: Versions: lxml 4.4.2.0, libxml2 2.9.5, cssselect 1.1.0, parsel 1.5.2, w3lib 1.21.0, Twisted 19.10.0, Python 3.7.4 (tags/v3.7.4:e09359112e, Jul  8 2019, 20:34:20) [MSC v.1916 64 bit (AMD64)], pyOpenSSL 19.1.0 (OpenSSL 1.1.1d  10 Sep 2019), cryptography 2.8, Platform Windows-10-10.0.18362-SP0
2019-12-16 19:10:08 [scrapy.crawler] INFO: Overridden settings: {'BOT_NAME': 'mySpider', 'COOKIES_DEBUG': True, 'LOG_FILE': 'log.log', 'NEWSPIDER_MODULE': 'mySpider.spiders', 'SPIDER_MODULES': ['mySpider.spiders'], 'USER_AGENT': 'Mozilla/5.0 (Windows NT 10.0; Win64; x64) AppleWebKit/537.36 (KHTML, like Gecko) Chrome/78.0.3904.108 Safari/537.36'}
2019-12-16 19:10:08 [scrapy.extensions.telnet] INFO: Telnet Password: a9d3cf78cd0aa8f3
2019-12-16 19:10:08 [scrapy.middleware] INFO: Enabled extensions:
['scrapy.extensions.corestats.CoreStats',
 'scrapy.extensions.telnet.TelnetConsole',
 'scrapy.extensions.logstats.LogStats']
2019-12-16 19:10:08 [scrapy.middleware] INFO: Enabled downloader middlewares:
['scrapy.downloadermiddlewares.httpauth.HttpAuthMiddleware',
 'scrapy.downloadermiddlewares.downloadtimeout.DownloadTimeoutMiddleware',
 'scrapy.downloadermiddlewares.defaultheaders.DefaultHeadersMiddleware',
 'scrapy.downloadermiddlewares.useragent.UserAgentMiddleware',
 'mySpider.middlewares.MyDownloaderMiddleware',
 'scrapy.downloadermiddlewares.retry.RetryMiddleware',
 'scrapy.downloadermiddlewares.redirect.MetaRefreshMiddleware',
 'scrapy.downloadermiddlewares.httpcompression.HttpCompressionMiddleware',
 'scrapy.downloadermiddlewares.redirect.RedirectMiddleware',
 'scrapy.downloadermiddlewares.cookies.CookiesMiddleware',
 'scrapy.downloadermiddlewares.httpproxy.HttpProxyMiddleware',
 'scrapy.downloadermiddlewares.stats.DownloaderStats']
2019-12-16 19:10:08 [scrapy.middleware] INFO: Enabled spider middlewares:
['scrapy.spidermiddlewares.httperror.HttpErrorMiddleware',
 'scrapy.spidermiddlewares.offsite.OffsiteMiddleware',
 'scrapy.spidermiddlewares.referer.RefererMiddleware',
 'scrapy.spidermiddlewares.urllength.UrlLengthMiddleware',
 'scrapy.spidermiddlewares.depth.DepthMiddleware']
2019-12-16 19:10:08 [scrapy.middleware] INFO: Enabled item pipelines:
['mySpider.pipelines.MyspiderPipeline']
2019-12-16 19:10:08 [scrapy.core.engine] INFO: Spider opened
2019-12-16 19:10:08 [scrapy.extensions.logstats] INFO: Crawled 0 pages (at 0 pages/min), scraped 0 items (at 0 items/min)
2019-12-16 19:10:08 [scrapy.extensions.telnet] INFO: Telnet console listening on 127.0.0.1:6023
2019-12-16 19:10:08 [scrapy.downloadermiddlewares.cookies] DEBUG: Received cookies from: <302 http://www.baidu.com/>
Set-Cookie: BAIDUID=75F7E90D5AEFC723B4D670B2C384D493:FG=1; expires=Thu, 31-Dec-37 23:55:55 GMT; max-age=2147483647; path=/; domain=.baidu.com

Set-Cookie: BIDUPSID=75F7E90D5AEFC723B4D670B2C384D493; expires=Thu, 31-Dec-37 23:55:55 GMT; max-age=2147483647; path=/; domain=.baidu.com

Set-Cookie: PSTM=1576494600; expires=Thu, 31-Dec-37 23:55:55 GMT; max-age=2147483647; path=/; domain=.baidu.com

Set-Cookie: BAIDUID=75F7E90D5AEFC723DF7C30DADEE2DCF2:FG=1; max-age=31536000; expires=Tue, 15-Dec-20 11:10:00 GMT; domain=.baidu.com; path=/; version=1; comment=bd

Set-Cookie: BD_LAST_QID=16051765211613351481; path=/; Max-Age=1

2019-12-16 19:10:08 [scrapy.downloadermiddlewares.redirect] DEBUG: Redirecting (302) to <GET https://www.baidu.com/> from <GET http://www.baidu.com/>
2019-12-16 19:10:08 [scrapy.downloadermiddlewares.cookies] DEBUG: Sending cookies to: <GET https://www.baidu.com/>
Cookie: BD_LAST_QID=16051765211613351481; BAIDUID=75F7E90D5AEFC723DF7C30DADEE2DCF2:FG=1; BIDUPSID=75F7E90D5AEFC723B4D670B2C384D493; PSTM=1576494600

2019-12-16 19:10:08 [scrapy.downloadermiddlewares.cookies] DEBUG: Received cookies from: <200 https://www.baidu.com/>
Set-Cookie: delPer=0; path=/; domain=.baidu.com

Set-Cookie: BDSVRTM=0; path=/

Set-Cookie: BD_HOME=0; path=/

Set-Cookie: H_PS_PSSID=1433_21093_30210; path=/; domain=.baidu.com

2019-12-16 19:10:08 [scrapy.core.engine] DEBUG: Crawled (200) <GET https://www.baidu.com/> (referer: None)
2019-12-16 19:10:08 [scrapy.core.scraper] DEBUG: Scraped from <200 https://www.baidu.com/>
None
2019-12-16 19:10:08 [scrapy.core.engine] INFO: Closing spider (finished)
2019-12-16 19:10:08 [scrapy.statscollectors] INFO: Dumping Scrapy stats:
{'downloader/request_bytes': 786,
 'downloader/request_count': 2,
 'downloader/request_method_count/GET': 2,
 'downloader/response_bytes': 42929,
 'downloader/response_count': 2,
 'downloader/response_status_count/200': 1,
 'downloader/response_status_count/302': 1,
 'elapsed_time_seconds': 0.330116,
 'finish_reason': 'finished',
 'finish_time': datetime.datetime(2019, 12, 16, 11, 10, 8, 810470),
 'item_scraped_count': 1,
 'log_count/DEBUG': 6,
 'log_count/INFO': 10,
 'response_received_count': 1,
 'scheduler/dequeued': 2,
 'scheduler/dequeued/memory': 2,
 'scheduler/enqueued': 2,
 'scheduler/enqueued/memory': 2,
 'start_time': datetime.datetime(2019, 12, 16, 11, 10, 8, 480354)}
2019-12-16 19:10:08 [scrapy.core.engine] INFO: Spider closed (finished)
2019-12-16 19:10:33 [scrapy.utils.log] INFO: Scrapy 1.8.0 started (bot: mySpider)
2019-12-16 19:10:33 [scrapy.utils.log] INFO: Versions: lxml 4.4.2.0, libxml2 2.9.5, cssselect 1.1.0, parsel 1.5.2, w3lib 1.21.0, Twisted 19.10.0, Python 3.7.4 (tags/v3.7.4:e09359112e, Jul  8 2019, 20:34:20) [MSC v.1916 64 bit (AMD64)], pyOpenSSL 19.1.0 (OpenSSL 1.1.1d  10 Sep 2019), cryptography 2.8, Platform Windows-10-10.0.18362-SP0
2019-12-16 19:10:33 [scrapy.crawler] INFO: Overridden settings: {'BOT_NAME': 'mySpider', 'COOKIES_DEBUG': True, 'LOG_FILE': 'log.log', 'NEWSPIDER_MODULE': 'mySpider.spiders', 'SPIDER_MODULES': ['mySpider.spiders'], 'USER_AGENT': 'Mozilla/5.0 (Windows NT 10.0; Win64; x64) AppleWebKit/537.36 (KHTML, like Gecko) Chrome/78.0.3904.108 Safari/537.36'}
2019-12-16 19:10:33 [scrapy.extensions.telnet] INFO: Telnet Password: 1438f5f8bcf1b9fe
2019-12-16 19:10:33 [scrapy.middleware] INFO: Enabled extensions:
['scrapy.extensions.corestats.CoreStats',
 'scrapy.extensions.telnet.TelnetConsole',
 'scrapy.extensions.logstats.LogStats']
2019-12-16 19:10:33 [scrapy.middleware] INFO: Enabled downloader middlewares:
['scrapy.downloadermiddlewares.httpauth.HttpAuthMiddleware',
 'scrapy.downloadermiddlewares.downloadtimeout.DownloadTimeoutMiddleware',
 'scrapy.downloadermiddlewares.defaultheaders.DefaultHeadersMiddleware',
 'scrapy.downloadermiddlewares.useragent.UserAgentMiddleware',
 'mySpider.middlewares.MyDownloaderMiddleware',
 'scrapy.downloadermiddlewares.retry.RetryMiddleware',
 'scrapy.downloadermiddlewares.redirect.MetaRefreshMiddleware',
 'scrapy.downloadermiddlewares.httpcompression.HttpCompressionMiddleware',
 'scrapy.downloadermiddlewares.redirect.RedirectMiddleware',
 'scrapy.downloadermiddlewares.cookies.CookiesMiddleware',
 'scrapy.downloadermiddlewares.httpproxy.HttpProxyMiddleware',
 'scrapy.downloadermiddlewares.stats.DownloaderStats']
2019-12-16 19:10:33 [scrapy.middleware] INFO: Enabled spider middlewares:
['scrapy.spidermiddlewares.httperror.HttpErrorMiddleware',
 'scrapy.spidermiddlewares.offsite.OffsiteMiddleware',
 'scrapy.spidermiddlewares.referer.RefererMiddleware',
 'scrapy.spidermiddlewares.urllength.UrlLengthMiddleware',
 'scrapy.spidermiddlewares.depth.DepthMiddleware']
2019-12-16 19:10:33 [scrapy.middleware] INFO: Enabled item pipelines:
['mySpider.pipelines.MyspiderPipeline']
2019-12-16 19:10:33 [scrapy.core.engine] INFO: Spider opened
2019-12-16 19:10:33 [scrapy.extensions.logstats] INFO: Crawled 0 pages (at 0 pages/min), scraped 0 items (at 0 items/min)
2019-12-16 19:10:33 [scrapy.extensions.telnet] INFO: Telnet console listening on 127.0.0.1:6023
2019-12-16 19:10:33 [scrapy.downloadermiddlewares.cookies] DEBUG: Received cookies from: <302 http://www.baidu.com/>
Set-Cookie: BAIDUID=B4DA942EC91944FA6966CEFBE42F5F75:FG=1; expires=Thu, 31-Dec-37 23:55:55 GMT; max-age=2147483647; path=/; domain=.baidu.com

Set-Cookie: BIDUPSID=B4DA942EC91944FA6966CEFBE42F5F75; expires=Thu, 31-Dec-37 23:55:55 GMT; max-age=2147483647; path=/; domain=.baidu.com

Set-Cookie: PSTM=1576494625; expires=Thu, 31-Dec-37 23:55:55 GMT; max-age=2147483647; path=/; domain=.baidu.com

Set-Cookie: BAIDUID=B4DA942EC91944FA2DABD7C1AFF9B9A0:FG=1; max-age=31536000; expires=Tue, 15-Dec-20 11:10:25 GMT; domain=.baidu.com; path=/; version=1; comment=bd

Set-Cookie: BD_LAST_QID=12055403781698056226; path=/; Max-Age=1

2019-12-16 19:10:33 [scrapy.downloadermiddlewares.redirect] DEBUG: Redirecting (302) to <GET https://www.baidu.com/> from <GET http://www.baidu.com/>
2019-12-16 19:10:33 [scrapy.downloadermiddlewares.cookies] DEBUG: Sending cookies to: <GET https://www.baidu.com/>
Cookie: BD_LAST_QID=12055403781698056226; BAIDUID=B4DA942EC91944FA2DABD7C1AFF9B9A0:FG=1; BIDUPSID=B4DA942EC91944FA6966CEFBE42F5F75; PSTM=1576494625

2019-12-16 19:10:33 [scrapy.downloadermiddlewares.cookies] DEBUG: Received cookies from: <200 https://www.baidu.com/>
Set-Cookie: BD_NOT_HTTPS=1; path=/; Max-Age=300

2019-12-16 19:10:33 [scrapy.core.engine] DEBUG: Crawled (200) <GET https://www.baidu.com/> (referer: None)
2019-12-16 19:10:33 [scrapy.core.scraper] DEBUG: Scraped from <200 https://www.baidu.com/>
None
2019-12-16 19:10:33 [scrapy.core.engine] INFO: Closing spider (finished)
2019-12-16 19:10:33 [scrapy.statscollectors] INFO: Dumping Scrapy stats:
{'downloader/request_bytes': 758,
 'downloader/request_count': 2,
 'downloader/request_method_count/GET': 2,
 'downloader/response_bytes': 1644,
 'downloader/response_count': 2,
 'downloader/response_status_count/200': 1,
 'downloader/response_status_count/302': 1,
 'elapsed_time_seconds': 0.27626,
 'finish_reason': 'finished',
 'finish_time': datetime.datetime(2019, 12, 16, 11, 10, 33, 716822),
 'item_scraped_count': 1,
 'log_count/DEBUG': 6,
 'log_count/INFO': 10,
 'response_received_count': 1,
 'scheduler/dequeued': 2,
 'scheduler/dequeued/memory': 2,
 'scheduler/enqueued': 2,
 'scheduler/enqueued/memory': 2,
 'start_time': datetime.datetime(2019, 12, 16, 11, 10, 33, 440562)}
2019-12-16 19:10:33 [scrapy.core.engine] INFO: Spider closed (finished)
2019-12-16 19:20:15 [scrapy.utils.log] INFO: Scrapy 1.8.0 started (bot: mySpider)
2019-12-16 19:20:15 [scrapy.utils.log] INFO: Versions: lxml 4.4.2.0, libxml2 2.9.5, cssselect 1.1.0, parsel 1.5.2, w3lib 1.21.0, Twisted 19.10.0, Python 3.7.4 (tags/v3.7.4:e09359112e, Jul  8 2019, 20:34:20) [MSC v.1916 64 bit (AMD64)], pyOpenSSL 19.1.0 (OpenSSL 1.1.1d  10 Sep 2019), cryptography 2.8, Platform Windows-10-10.0.18362-SP0
2019-12-16 19:20:15 [scrapy.crawler] INFO: Overridden settings: {'BOT_NAME': 'mySpider', 'COOKIES_DEBUG': True, 'LOG_FILE': 'log.log', 'NEWSPIDER_MODULE': 'mySpider.spiders', 'SPIDER_MODULES': ['mySpider.spiders'], 'USER_AGENT': 'Mozilla/5.0 (Windows NT 10.0; Win64; x64) AppleWebKit/537.36 (KHTML, like Gecko) Chrome/78.0.3904.108 Safari/537.36'}
2019-12-16 19:20:15 [scrapy.extensions.telnet] INFO: Telnet Password: e9bf199b52df8638
2019-12-16 19:20:15 [scrapy.middleware] INFO: Enabled extensions:
['scrapy.extensions.corestats.CoreStats',
 'scrapy.extensions.telnet.TelnetConsole',
 'scrapy.extensions.logstats.LogStats']
2019-12-16 19:20:16 [scrapy.middleware] INFO: Enabled downloader middlewares:
['scrapy.downloadermiddlewares.httpauth.HttpAuthMiddleware',
 'scrapy.downloadermiddlewares.downloadtimeout.DownloadTimeoutMiddleware',
 'scrapy.downloadermiddlewares.defaultheaders.DefaultHeadersMiddleware',
 'scrapy.downloadermiddlewares.useragent.UserAgentMiddleware',
 'mySpider.middlewares.MyDownloaderMiddleware',
 'scrapy.downloadermiddlewares.retry.RetryMiddleware',
 'scrapy.downloadermiddlewares.redirect.MetaRefreshMiddleware',
 'scrapy.downloadermiddlewares.httpcompression.HttpCompressionMiddleware',
 'scrapy.downloadermiddlewares.redirect.RedirectMiddleware',
 'scrapy.downloadermiddlewares.cookies.CookiesMiddleware',
 'scrapy.downloadermiddlewares.httpproxy.HttpProxyMiddleware',
 'scrapy.downloadermiddlewares.stats.DownloaderStats']
2019-12-16 19:20:16 [scrapy.middleware] INFO: Enabled spider middlewares:
['scrapy.spidermiddlewares.httperror.HttpErrorMiddleware',
 'scrapy.spidermiddlewares.offsite.OffsiteMiddleware',
 'scrapy.spidermiddlewares.referer.RefererMiddleware',
 'scrapy.spidermiddlewares.urllength.UrlLengthMiddleware',
 'scrapy.spidermiddlewares.depth.DepthMiddleware']
2019-12-16 19:20:16 [scrapy.middleware] INFO: Enabled item pipelines:
['mySpider.pipelines.MyspiderPipeline']
2019-12-16 19:20:16 [scrapy.core.engine] INFO: Spider opened
2019-12-16 19:20:16 [scrapy.extensions.logstats] INFO: Crawled 0 pages (at 0 pages/min), scraped 0 items (at 0 items/min)
2019-12-16 19:20:16 [scrapy.extensions.telnet] INFO: Telnet console listening on 127.0.0.1:6023
2019-12-16 19:20:16 [scrapy.core.scraper] ERROR: Error downloading <GET http://www.baidu.com/>
Traceback (most recent call last):
  File "c:\python\lib\site-packages\twisted\internet\defer.py", line 1416, in _inlineCallbacks
    result = result.throwExceptionIntoGenerator(g)
  File "c:\python\lib\site-packages\twisted\python\failure.py", line 512, in throwExceptionIntoGenerator
    return g.throw(self.type, self.value, self.tb)
  File "c:\python\lib\site-packages\scrapy\core\downloader\middleware.py", line 44, in process_request
    defer.returnValue((yield download_func(request=request, spider=spider)))
  File "c:\python\lib\site-packages\scrapy\utils\defer.py", line 45, in mustbe_deferred
    result = f(*args, **kw)
  File "c:\python\lib\site-packages\scrapy\core\downloader\handlers\__init__.py", line 71, in download_request
    return handler.download_request(request, spider)
  File "c:\python\lib\site-packages\scrapy\core\downloader\handlers\http11.py", line 75, in download_request
    return agent.download_request(request)
  File "c:\python\lib\site-packages\scrapy\core\downloader\handlers\http11.py", line 345, in download_request
    d = agent.request(method, to_bytes(url, encoding='ascii'), headers, bodyproducer)
  File "c:\python\lib\site-packages\scrapy\core\downloader\handlers\http11.py", line 254, in request
    endpoint=self._getEndpoint(self._proxyURI),
  File "c:\python\lib\site-packages\twisted\web\client.py", line 1721, in _getEndpoint
    return self._endpointFactory.endpointForURI(uri)
  File "c:\python\lib\site-packages\twisted\web\client.py", line 1599, in endpointForURI
    raise SchemeNotSupported("Unsupported scheme: %r" % (uri.scheme,))
twisted.web.error.SchemeNotSupported: Unsupported scheme: b''
2019-12-16 19:20:16 [scrapy.core.engine] INFO: Closing spider (finished)
2019-12-16 19:20:16 [scrapy.statscollectors] INFO: Dumping Scrapy stats:
{'downloader/exception_count': 1,
 'downloader/exception_type_count/twisted.web.error.SchemeNotSupported': 1,
 'downloader/request_bytes': 269,
 'downloader/request_count': 1,
 'downloader/request_method_count/GET': 1,
 'elapsed_time_seconds': 0.399339,
 'finish_reason': 'finished',
 'finish_time': datetime.datetime(2019, 12, 16, 11, 20, 16, 595491),
 'log_count/ERROR': 1,
 'log_count/INFO': 10,
 'scheduler/dequeued': 1,
 'scheduler/dequeued/memory': 1,
 'scheduler/enqueued': 1,
 'scheduler/enqueued/memory': 1,
 'start_time': datetime.datetime(2019, 12, 16, 11, 20, 16, 196152)}
2019-12-16 19:20:16 [scrapy.core.engine] INFO: Spider closed (finished)
2019-12-16 19:20:24 [scrapy.utils.log] INFO: Scrapy 1.8.0 started (bot: mySpider)
2019-12-16 19:20:24 [scrapy.utils.log] INFO: Versions: lxml 4.4.2.0, libxml2 2.9.5, cssselect 1.1.0, parsel 1.5.2, w3lib 1.21.0, Twisted 19.10.0, Python 3.7.4 (tags/v3.7.4:e09359112e, Jul  8 2019, 20:34:20) [MSC v.1916 64 bit (AMD64)], pyOpenSSL 19.1.0 (OpenSSL 1.1.1d  10 Sep 2019), cryptography 2.8, Platform Windows-10-10.0.18362-SP0
2019-12-16 19:20:24 [scrapy.crawler] INFO: Overridden settings: {'BOT_NAME': 'mySpider', 'COOKIES_DEBUG': True, 'LOG_FILE': 'log.log', 'NEWSPIDER_MODULE': 'mySpider.spiders', 'SPIDER_MODULES': ['mySpider.spiders'], 'USER_AGENT': 'Mozilla/5.0 (Windows NT 10.0; Win64; x64) AppleWebKit/537.36 (KHTML, like Gecko) Chrome/78.0.3904.108 Safari/537.36'}
2019-12-16 19:20:24 [scrapy.extensions.telnet] INFO: Telnet Password: a2caf7f40a394b8b
2019-12-16 19:20:24 [scrapy.middleware] INFO: Enabled extensions:
['scrapy.extensions.corestats.CoreStats',
 'scrapy.extensions.telnet.TelnetConsole',
 'scrapy.extensions.logstats.LogStats']
2019-12-16 19:20:24 [scrapy.middleware] INFO: Enabled downloader middlewares:
['scrapy.downloadermiddlewares.httpauth.HttpAuthMiddleware',
 'scrapy.downloadermiddlewares.downloadtimeout.DownloadTimeoutMiddleware',
 'scrapy.downloadermiddlewares.defaultheaders.DefaultHeadersMiddleware',
 'scrapy.downloadermiddlewares.useragent.UserAgentMiddleware',
 'mySpider.middlewares.MyDownloaderMiddleware',
 'scrapy.downloadermiddlewares.retry.RetryMiddleware',
 'scrapy.downloadermiddlewares.redirect.MetaRefreshMiddleware',
 'scrapy.downloadermiddlewares.httpcompression.HttpCompressionMiddleware',
 'scrapy.downloadermiddlewares.redirect.RedirectMiddleware',
 'scrapy.downloadermiddlewares.cookies.CookiesMiddleware',
 'scrapy.downloadermiddlewares.httpproxy.HttpProxyMiddleware',
 'scrapy.downloadermiddlewares.stats.DownloaderStats']
2019-12-16 19:20:24 [scrapy.middleware] INFO: Enabled spider middlewares:
['scrapy.spidermiddlewares.httperror.HttpErrorMiddleware',
 'scrapy.spidermiddlewares.offsite.OffsiteMiddleware',
 'scrapy.spidermiddlewares.referer.RefererMiddleware',
 'scrapy.spidermiddlewares.urllength.UrlLengthMiddleware',
 'scrapy.spidermiddlewares.depth.DepthMiddleware']
2019-12-16 19:20:24 [scrapy.middleware] INFO: Enabled item pipelines:
['mySpider.pipelines.MyspiderPipeline']
2019-12-16 19:20:24 [scrapy.core.engine] INFO: Spider opened
2019-12-16 19:20:24 [scrapy.extensions.logstats] INFO: Crawled 0 pages (at 0 pages/min), scraped 0 items (at 0 items/min)
2019-12-16 19:20:24 [scrapy.extensions.telnet] INFO: Telnet console listening on 127.0.0.1:6023
2019-12-16 19:20:25 [scrapy.core.scraper] ERROR: Error downloading <GET http://www.baidu.com/>
Traceback (most recent call last):
  File "c:\python\lib\site-packages\twisted\internet\defer.py", line 1416, in _inlineCallbacks
    result = result.throwExceptionIntoGenerator(g)
  File "c:\python\lib\site-packages\twisted\python\failure.py", line 512, in throwExceptionIntoGenerator
    return g.throw(self.type, self.value, self.tb)
  File "c:\python\lib\site-packages\scrapy\core\downloader\middleware.py", line 44, in process_request
    defer.returnValue((yield download_func(request=request, spider=spider)))
  File "c:\python\lib\site-packages\scrapy\utils\defer.py", line 45, in mustbe_deferred
    result = f(*args, **kw)
  File "c:\python\lib\site-packages\scrapy\core\downloader\handlers\__init__.py", line 71, in download_request
    return handler.download_request(request, spider)
  File "c:\python\lib\site-packages\scrapy\core\downloader\handlers\http11.py", line 75, in download_request
    return agent.download_request(request)
  File "c:\python\lib\site-packages\scrapy\core\downloader\handlers\http11.py", line 345, in download_request
    d = agent.request(method, to_bytes(url, encoding='ascii'), headers, bodyproducer)
  File "c:\python\lib\site-packages\scrapy\core\downloader\handlers\http11.py", line 254, in request
    endpoint=self._getEndpoint(self._proxyURI),
  File "c:\python\lib\site-packages\twisted\web\client.py", line 1721, in _getEndpoint
    return self._endpointFactory.endpointForURI(uri)
  File "c:\python\lib\site-packages\twisted\web\client.py", line 1599, in endpointForURI
    raise SchemeNotSupported("Unsupported scheme: %r" % (uri.scheme,))
twisted.web.error.SchemeNotSupported: Unsupported scheme: b''
2019-12-16 19:20:25 [scrapy.core.engine] INFO: Closing spider (finished)
2019-12-16 19:20:25 [scrapy.statscollectors] INFO: Dumping Scrapy stats:
{'downloader/exception_count': 1,
 'downloader/exception_type_count/twisted.web.error.SchemeNotSupported': 1,
 'downloader/request_bytes': 303,
 'downloader/request_count': 1,
 'downloader/request_method_count/GET': 1,
 'elapsed_time_seconds': 0.317473,
 'finish_reason': 'finished',
 'finish_time': datetime.datetime(2019, 12, 16, 11, 20, 25, 197801),
 'log_count/ERROR': 1,
 'log_count/INFO': 10,
 'scheduler/dequeued': 1,
 'scheduler/dequeued/memory': 1,
 'scheduler/enqueued': 1,
 'scheduler/enqueued/memory': 1,
 'start_time': datetime.datetime(2019, 12, 16, 11, 20, 24, 880328)}
2019-12-16 19:20:25 [scrapy.core.engine] INFO: Spider closed (finished)
